<?xml version="1.0" encoding="UTF-8"?>
<!-- Generated by org.testng.reporters.JUnitReportReporter -->
<testsuite hostname="ANUJA" failures="0" tests="1" name="restAPI.DeleteRequest" time="1.591" errors="0" timestamp="29 May 2022 04:02:45 GMT" skipped="0">
  <testcase classname="restAPI.DeleteRequest" name="test1" time="1.591"/>
</testsuite> <!-- restAPI.DeleteRequest -->
