<?xml version="1.0" encoding="UTF-8"?>
<!-- Generated by org.testng.reporters.JUnitReportReporter -->
<testsuite hostname="ANUJA" failures="0" tests="1" name="restAPI.PostRequest" time="2.963" errors="0" timestamp="28 May 2022 12:58:09 GMT" skipped="0">
  <testcase classname="restAPI.PostRequest" name="test1" time="2.963"/>
</testsuite> <!-- restAPI.PostRequest -->
