<?xml version="1.0" encoding="UTF-8"?>
<!-- Generated by org.testng.reporters.JUnitReportReporter -->
<testsuite hostname="ANUJA" failures="0" tests="1" name="APIChaining.EndToEndTest" time="2.465" errors="0" timestamp="29 May 2022 06:29:27 GMT" skipped="0">
  <testcase classname="APIChaining.EndToEndTest" name="test1" time="2.465"/>
</testsuite> <!-- APIChaining.EndToEndTest -->
