<?xml version="1.0" encoding="UTF-8"?>
<!-- Generated by org.testng.reporters.JUnitReportReporter -->
<testsuite hostname="ANUJA" failures="0" tests="1" name="restAPI.PostRequestWithFile" time="2.960" errors="0" timestamp="28 May 2022 13:00:33 GMT" skipped="0">
  <testcase classname="restAPI.PostRequestWithFile" name="test1" time="2.960"/>
</testsuite> <!-- restAPI.PostRequestWithFile -->
