<?xml version="1.0" encoding="UTF-8"?>
<!-- Generated by org.testng.reporters.JUnitReportReporter -->
<testsuite hostname="ANUJA" failures="0" tests="1" name="restAPI.GetRequest" time="1.695" errors="0" timestamp="29 May 2022 05:33:54 GMT" skipped="0">
  <testcase classname="restAPI.GetRequest" name="Test1" time="1.695"/>
</testsuite> <!-- restAPI.GetRequest -->
