<?xml version="1.0" encoding="UTF-8"?>
<!-- Generated by org.testng.reporters.JUnitReportReporter -->
<testsuite hostname="ANUJA" failures="0" tests="1" name="restAPI.PostRequestWithMap" time="3.142" errors="0" timestamp="28 May 2022 12:59:17 GMT" skipped="0">
  <testcase classname="restAPI.PostRequestWithMap" name="test1" time="3.142"/>
</testsuite> <!-- restAPI.PostRequestWithMap -->
