<?xml version="1.0" encoding="UTF-8"?>
<!-- Generated by org.testng.reporters.JUnitReportReporter -->
<testsuite hostname="ANUJA" failures="0" tests="1" name="restAPI.GetRequestWithParam" time="2.930" errors="0" timestamp="28 May 2022 12:59:30 GMT" skipped="0">
  <testcase classname="restAPI.GetRequestWithParam" name="Test1" time="2.930"/>
</testsuite> <!-- restAPI.GetRequestWithParam -->
