<?xml version="1.0" encoding="UTF-8"?>
<!-- Generated by org.testng.reporters.JUnitReportReporter -->
<testsuite skipped="0" hostname="ANUJA" name="APIChaining.EndToEndTest" tests="1" failures="0" timestamp="29 May 2022 06:30:06 GMT" time="2.560" errors="0">
  <testcase name="test1" time="2.560" classname="APIChaining.EndToEndTest"/>
</testsuite> <!-- APIChaining.EndToEndTest -->
